<?xml version="1.0" encoding="UTF-8"?>
<!-- Generated by org.testng.reporters.JUnitXMLReporter -->
<testsuite ignored="0" hostname="LTP-H-22HXD" failures="0" tests="1" name="Test" time="0.074" errors="0" timestamp="2023-12-14T17:12:03 IST">
  <testcase classname="Test1.Genericcript" name="@BeforeMethod openapp" time="0.009">
    <failure type="java.lang.NullPointerException" message="Cannot invoke &amp;quot;org.openqa.selenium.WebDriver.get(String)&amp;quot; because &amp;quot;this.driver&amp;quot; is null">
      <![CDATA[java.lang.NullPointerException: Cannot invoke "org.openqa.selenium.WebDriver.get(String)" because "this.driver" is null
at Test1.Genericcript.openapp(Genericcript.java:15)
at java.base/java.util.ArrayList.forEach(ArrayList.java:1511)
... Removed 31 stack frames]]>
    </failure>
  </testcase> <!-- @BeforeMethod openapp -->
  <testcase classname="Test1.Genericcript" name="@AfterMethod closeapp" time="0.0">
    <skipped/>
  </testcase> <!-- @AfterMethod closeapp -->
  <testcase classname="Test1.Runnerscript" name="volaidlogin" time="0.0">
    <skipped/>
  </testcase> <!-- volaidlogin -->
</testsuite> <!-- Test -->
